[2024-12-24 16:36:54] [+] Checking for Fail2Ban installation...
[2024-12-24 16:36:54] [-] Fail2Ban is not installed. Installing...
[2024-12-24 16:36:54] [+] Fail2Ban installed successfully.
[2024-12-24 16:36:54] [+] Ensuring Fail2Ban service is running...
[2024-12-24 16:36:54] [+] Fail2Ban service is active and running.
[2024-12-24 16:36:54] [+] Configuring Fail2Ban...
[2024-12-24 16:36:54] [+] Creating jail.local configuration file...
[2024-12-24 16:36:54] [+] Default configuration for Fail2Ban added.
[2024-12-24 16:36:54] [+] Bantime updated to 15m.
[2024-12-24 16:36:54] [+] Maxretry updated to 4.
[2024-12-24 16:36:54] [+] Current configuration:
[2024-12-24 16:36:54] [+] Fail2Ban service restarted to apply changes.
[2024-12-24 16:38:23] [+] Checking Fail2Ban service status...
[2024-12-24 16:38:23] [+] Fail2Ban service is running.
[2024-12-24 16:38:23] [+] Checking Fail2Ban service status...
[2024-12-24 16:38:23] [+] Fail2Ban service is running.
[2024-12-24 16:38:23] [+] Configuring Fail2Ban...
[2024-12-24 16:38:23] [+] Current configuration:
[2024-12-24 16:43:06] [+] Showing full log file:
[2024-12-24 16:43:06] [+] Viewing logs in real-time:
[2024-12-24 16:43:25] [+] Checking Fail2Ban service status...
[2024-12-24 16:43:25] [+] Fail2Ban service is running.
[2024-12-24 16:43:25] [+] Checking Fail2Ban service status...
[2024-12-24 16:43:25] [+] Fail2Ban service is running.
[2024-12-24 16:43:25] [+] Checking for Fail2Ban installation...
[2024-12-24 16:43:25] [+] Fail2Ban is already installed.
[2024-12-24 16:43:25] [+] Ensuring Fail2Ban service is running...
[2024-12-24 16:43:25] [+] Fail2Ban service is active and running.
[2024-12-24 16:43:25] [+] Configuring Fail2Ban...
[2024-12-24 16:43:25] [+] Fail2Ban service restarted to apply changes.
[2024-12-24 16:52:54] [+] Showing full log file:
[2024-12-24 16:52:54] [+] Ban statistics:
